npm ERR! code ERESOLVE
npm ERR! ERESOLVE unable to resolve dependency tree
npm ERR! 
npm ERR! While resolving: todo-app@0.1.0
npm ERR! Found: react@18.2.0
npm ERR! node_modules/react
npm ERR!   react@"^18.2.0" from the root project
npm ERR! 
npm ERR! Could not resolve dependency:
npm ERR! peer react@"^16.8.0 || ^17.0.0" from @material-ui/core@4.12.4
npm ERR! node_modules/@material-ui/core
npm ERR!   peer @material-ui/core@"^4.0.0" from @material-ui/icons@4.11.3
npm ERR!   node_modules/@material-ui/icons
npm ERR!     @material-ui/icons@"^4.11.3" from the root project
npm ERR! 
npm ERR! Fix the upstream dependency conflict, or retry
npm ERR! this command with --force or --legacy-peer-deps
npm ERR! to accept an incorrect (and potentially broken) dependency resolution.
npm ERR! 
npm ERR!
npm ERR! For a full report see:
npm ERR! C:\Users\Rere\AppData\Local\npm-cache\_logs\2023-04-01T07_25_55_206Z-eresolve-report.txt

npm ERR! A complete log of this run can be found in:
npm ERR!     C:\Users\Rere\AppData\Local\npm-cache\_logs\2023-04-01T07_25_55_206Z-debug-0.log


GA TAU INI BUGNYA KENAPA